{
  "stats": {
    "suites": 19,
    "tests": 51,
    "passes": 51,
    "pending": 0,
    "failures": 0,
    "start": "2021-01-07T22:52:45.886Z",
    "end": "2021-01-07T22:54:52.663Z",
    "duration": 64474,
    "testsRegistered": 51,
    "passPercent": 100,
    "pendingPercent": 0,
    "other": 0,
    "hasOther": false,
    "skipped": 0,
    "hasSkipped": false
  },
  "results": [
    {
      "uuid": "5dff1b60-5257-4d00-969a-ed229ba3d68c",
      "title": "",
      "fullFile": "cypress\\integration\\automation-test-store\\alias-invoke.js",
      "file": "cypress\\integration\\automation-test-store\\alias-invoke.js",
      "beforeHooks": [],
      "afterHooks": [],
      "tests": [],
      "suites": [
        {
          "uuid": "99dffdff-9e56-4f59-b3cf-2b031a98e1cd",
          "title": "Alias and invoke",
          "fullFile": "",
          "file": "",
          "beforeHooks": [],
          "afterHooks": [],
          "tests": [
            {
              "title": "Calculate total of normal and sale products",
              "fullTitle": "Alias and invoke Calculate total of normal and sale products",
              "timedOut": null,
              "duration": 1813,
              "state": "passed",
              "speed": "slow",
              "pass": true,
              "fail": false,
              "pending": false,
              "context": null,
              "code": "cy.visit('http://automationteststore.com/');\ncy.get('.thumbnail').as('productThumbNail'); // cy.get('@productThumbNail').find('.oneprice').each(($el, index, $list) => {\n//     cy.log($el.text())\n// })\ncy.get('@productThumbNail').find('.oneprice').invoke('text').as('itemPrice');\ncy.get('@productThumbNail').find('.pricenew').invoke('text').as('saleItemPrice');\nvar itemsTotal = 0;\ncy.get('@itemPrice').then(function ($linkText) {\n  var itemsPriceTotal = 0;\n  var itemPrice = $linkText.split('$');\n  var i;\n  for (i = 0; i < itemPrice.length; i++) {\n    cy.log(itemPrice[i]);\n    itemsPriceTotal += Number(itemPrice[i]);\n  }\n  itemsTotal += itemsPriceTotal;\n  cy.log('Non sale price items total: ' + itemsPriceTotal);\n});\nvar itemsTotal = 0;\ncy.get('@saleItemPrice').then(function ($linkText) {\n  var saleItemsPriceTotal = 0;\n  var saleItemPrice = $linkText.split('$');\n  var i;\n  for (i = 0; i < saleItemPrice.length; i++) {\n    cy.log(saleItemPrice[i]);\n    saleItemsPriceTotal += Number(saleItemPrice[i]);\n  }\n  itemsTotal += saleItemsPriceTotal;\n  cy.log('Non sale price items total: ' + saleItemsPriceTotal);\n}).then(function () {\n  cy.log(\"The total price of all pirces: \" + itemsTotal);\n  expect(itemsTotal).to.equal(652.6);\n});",
              "err": {},
              "uuid": "cee0fba8-cc07-4a94-b4a4-e2517ef250a4",
              "parentUUID": "99dffdff-9e56-4f59-b3cf-2b031a98e1cd",
              "isHook": false,
              "skipped": false
            }
          ],
          "suites": [],
          "passes": [
            "cee0fba8-cc07-4a94-b4a4-e2517ef250a4"
          ],
          "failures": [],
          "pending": [],
          "skipped": [],
          "duration": 1813,
          "root": false,
          "rootEmpty": false,
          "_timeout": 2000
        }
      ],
      "passes": [],
      "failures": [],
      "pending": [],
      "skipped": [],
      "duration": 0,
      "root": true,
      "rootEmpty": true,
      "_timeout": 2000
    },
    {
      "uuid": "557f1dbf-3610-4a75-8fab-3f0ccdd131f2",
      "title": "",
      "fullFile": "cypress\\integration\\automation-test-store\\contact-us.js",
      "file": "cypress\\integration\\automation-test-store\\contact-us.js",
      "beforeHooks": [],
      "afterHooks": [],
      "tests": [],
      "suites": [
        {
          "uuid": "c0e179bc-9c1e-496f-80c5-bc0ec402572c",
          "title": "Test contact us form via Test Store",
          "fullFile": "",
          "file": "",
          "beforeHooks": [],
          "afterHooks": [],
          "tests": [
            {
              "title": "Should be able to submit a successful submission via Contact us form",
              "fullTitle": "Test contact us form via Test Store Should be able to submit a successful submission via Contact us form",
              "timedOut": null,
              "duration": 3930,
              "state": "passed",
              "speed": "slow",
              "pass": true,
              "fail": false,
              "pending": false,
              "context": null,
              "code": "// cy.xpath('//ul/li[5]/a[contains(@href,\"contact\")]').click()   // << XPATH\ncy.get('a[href$=\"contact\"]').click().then(function (footerText) {\n  cy.log('Footer link has text:', footerText.text());\n});\ncy.get(\"@user\").then(function (user) {\n  cy.get('#ContactUsFrm_first_name').type(user.first_name);\n  cy.get('#ContactUsFrm_email').type(user.email);\n  cy.get('#ContactUsFrm_enquiry').type(user.message);\n});\ncy.get('#ContactUsFrm_email').should('have.attr', 'name', 'email');\ncy.get('button[title=\"Submit\"]').click();\ncy.get('.mb40 > :nth-child(3)').should('have.text', 'Your enquiry has been successfully sent to the store owner!');",
              "err": {},
              "uuid": "7ba7646d-9175-4e7a-b581-b291248c7143",
              "parentUUID": "c0e179bc-9c1e-496f-80c5-bc0ec402572c",
              "isHook": false,
              "skipped": false
            }
          ],
          "suites": [],
          "passes": [
            "7ba7646d-9175-4e7a-b581-b291248c7143"
          ],
          "failures": [],
          "pending": [],
          "skipped": [],
          "duration": 3930,
          "root": false,
          "rootEmpty": false,
          "_timeout": 2000
        }
      ],
      "passes": [],
      "failures": [],
      "pending": [],
      "skipped": [],
      "duration": 0,
      "root": true,
      "rootEmpty": true,
      "_timeout": 2000
    },
    {
      "uuid": "547531e1-dcac-41ce-a522-cb669b5b606e",
      "title": "",
      "fullFile": "cypress\\integration\\automation-test-store\\inspect-item.js",
      "file": "cypress\\integration\\automation-test-store\\inspect-item.js",
      "beforeHooks": [],
      "afterHooks": [],
      "tests": [],
      "suites": [
        {
          "uuid": "07713adb-a1ac-45a0-b7b7-1db246575fba",
          "title": "Inspect store items using chain commands ",
          "fullFile": "",
          "file": "",
          "beforeHooks": [],
          "afterHooks": [],
          "tests": [
            {
              "title": "Click 1st item using item text",
              "fullTitle": "Inspect store items using chain commands  Click 1st item using item text",
              "timedOut": null,
              "duration": 3218,
              "state": "passed",
              "speed": "slow",
              "pass": true,
              "fail": false,
              "pending": false,
              "context": null,
              "code": "cy.visit('http://automationteststore.com/');\ncy.get('.prdocutname').contains('Skinsheen Bronzer Stick').click().then(function (itemHeaderText) {\n  console.log('Selected the folowing item:', itemHeaderText.text());\n});",
              "err": {},
              "uuid": "f66dc44c-dea5-4288-8868-ce75a538f5fe",
              "parentUUID": "07713adb-a1ac-45a0-b7b7-1db246575fba",
              "isHook": false,
              "skipped": false
            }
          ],
          "suites": [],
          "passes": [
            "f66dc44c-dea5-4288-8868-ce75a538f5fe"
          ],
          "failures": [],
          "pending": [],
          "skipped": [],
          "duration": 3218,
          "root": false,
          "rootEmpty": false,
          "_timeout": 2000
        }
      ],
      "passes": [],
      "failures": [],
      "pending": [],
      "skipped": [],
      "duration": 0,
      "root": true,
      "rootEmpty": true,
      "_timeout": 2000
    },
    {
      "uuid": "b77a7f26-2ab1-498a-a48b-48d8ae90189e",
      "title": "",
      "fullFile": "cypress\\integration\\automation-test-store\\iterate-over-elements.js",
      "file": "cypress\\integration\\automation-test-store\\iterate-over-elements.js",
      "beforeHooks": [],
      "afterHooks": [],
      "tests": [],
      "suites": [
        {
          "uuid": "0780b8f0-8226-466b-903e-34c5e0da5815",
          "title": "Verifying variables, cypress and jQuery commands",
          "fullFile": "",
          "file": "",
          "beforeHooks": [],
          "afterHooks": [],
          "tests": [
            {
              "title": "Log information of all hare care products",
              "fullTitle": "Verifying variables, cypress and jQuery commands Log information of all hare care products",
              "timedOut": null,
              "duration": 2445,
              "state": "passed",
              "speed": "slow",
              "pass": true,
              "fail": false,
              "pending": false,
              "context": null,
              "code": "cy.get('a[href*=\"product/category&path=\"]').contains('Hair Care').click();\ncy.get('.prdocutname').each(function ($el, index, $list) {\n  cy.log('Index: ' + index + \": \" + $el.text());\n});",
              "err": {},
              "uuid": "4d4ec77e-adcd-4937-8e41-73725f677bce",
              "parentUUID": "0780b8f0-8226-466b-903e-34c5e0da5815",
              "isHook": false,
              "skipped": false
            },
            {
              "title": "Add specific product to basket",
              "fullTitle": "Verifying variables, cypress and jQuery commands Add specific product to basket",
              "timedOut": null,
              "duration": 2032,
              "state": "passed",
              "speed": "slow",
              "pass": true,
              "fail": false,
              "pending": false,
              "context": null,
              "code": "cy.get('a[href*=\"product/category&path=\"]').contains('Hair Care').click();\ncy.get('.fixed_wrapper .prdocutname').each(function ($el, index, $list) {\n  if ($el.text().includes('Curls to straight Shampoo')) {\n    cy.wrap($el).click();\n    cy.url().should('include', 'path=52&product_id=74');\n  }\n});",
              "err": {},
              "uuid": "7974d76a-d048-4bb0-9de3-7b7d41ff6605",
              "parentUUID": "0780b8f0-8226-466b-903e-34c5e0da5815",
              "isHook": false,
              "skipped": false
            },
            {
              "title": "Add specific product to basket with custom command",
              "fullTitle": "Verifying variables, cypress and jQuery commands Add specific product to basket with custom command",
              "timedOut": null,
              "duration": 2382,
              "state": "passed",
              "speed": "slow",
              "pass": true,
              "fail": false,
              "pending": false,
              "context": null,
              "code": "cy.selectProductCategoryByName('Hair Care');\ncy.selectProductByName('Curls to straight Shampoo');",
              "err": {},
              "uuid": "2dbb3d14-e61c-416c-8450-8379abc8e35f",
              "parentUUID": "0780b8f0-8226-466b-903e-34c5e0da5815",
              "isHook": false,
              "skipped": false
            }
          ],
          "suites": [],
          "passes": [
            "4d4ec77e-adcd-4937-8e41-73725f677bce",
            "7974d76a-d048-4bb0-9de3-7b7d41ff6605",
            "2dbb3d14-e61c-416c-8450-8379abc8e35f"
          ],
          "failures": [],
          "pending": [],
          "skipped": [],
          "duration": 6859,
          "root": false,
          "rootEmpty": false,
          "_timeout": 2000
        }
      ],
      "passes": [],
      "failures": [],
      "pending": [],
      "skipped": [],
      "duration": 0,
      "root": true,
      "rootEmpty": true,
      "_timeout": 2000
    },
    {
      "uuid": "440fceb7-513d-44b0-916a-b8e9263a599f",
      "title": "",
      "fullFile": "cypress\\integration\\automation-test-store\\variables-and-cy-commands.js",
      "file": "cypress\\integration\\automation-test-store\\variables-and-cy-commands.js",
      "beforeHooks": [],
      "afterHooks": [],
      "tests": [],
      "suites": [
        {
          "uuid": "c06adbdd-4aae-4227-be9c-45614e338f16",
          "title": "Verifying variables, cypress and jQuery commands",
          "fullFile": "",
          "file": "",
          "beforeHooks": [],
          "afterHooks": [],
          "tests": [
            {
              "title": "Navigation to specific product pages",
              "fullTitle": "Verifying variables, cypress and jQuery commands Navigation to specific product pages",
              "timedOut": null,
              "duration": 3038,
              "state": "passed",
              "speed": "slow",
              "pass": true,
              "fail": false,
              "pending": false,
              "context": null,
              "code": "cy.visit('http://automationteststore.com/');\n/* The following approach will pass but this is not recomended fo using\nconst makeUpLink = cy.get('a[href*=\"product/category&path=\"]').contains('Makeup')\nmakeUpLink.click()\nconst skinCareLink = cy.get('a[href*=\"product/category&path=\"]').contains('Skincare')\nskinCareLink.click()\n*/\n// Recomended approach \ncy.get('a[href*=\"product/category&path=\"]').contains('Makeup').click();\ncy.get('a[href*=\"product/category&path=\"]').contains('Skincare').click();",
              "err": {},
              "uuid": "137c5680-377c-4dd1-b42d-a1a4a0dfbad7",
              "parentUUID": "c06adbdd-4aae-4227-be9c-45614e338f16",
              "isHook": false,
              "skipped": false
            },
            {
              "title": "Navigation to specific product pages",
              "fullTitle": "Verifying variables, cypress and jQuery commands Navigation to specific product pages",
              "timedOut": null,
              "duration": 1772,
              "state": "passed",
              "speed": "slow",
              "pass": true,
              "fail": false,
              "pending": false,
              "context": null,
              "code": "cy.visit('http://automationteststore.com/');\ncy.get('a[href*=\"product/category&path=\"]').contains('Makeup').click();\n/* Code below will not work, text() is not Cypress comand\nconst headerText = cy.get('h1 .maintext')\ncy.log(header.text())\n*/\n// it will work, becouse PROMISE was resolved\ncy.get('h1 .maintext').then(function ($headerText) {\n  var headerText = $headerText.text();\n  cy.log('Header text is: ' + headerText);\n  expect(headerText).is.eq('Makeup');\n});",
              "err": {},
              "uuid": "779bfba5-d121-44c5-b7d5-21a35395c2f6",
              "parentUUID": "c06adbdd-4aae-4227-be9c-45614e338f16",
              "isHook": false,
              "skipped": false
            },
            {
              "title": "Validate properties of the contact us page",
              "fullTitle": "Verifying variables, cypress and jQuery commands Validate properties of the contact us page",
              "timedOut": null,
              "duration": 1125,
              "state": "passed",
              "speed": "slow",
              "pass": true,
              "fail": false,
              "pending": false,
              "context": null,
              "code": "cy.visit('https://automationteststore.com/index.php?rt=content/contact'); // Uses Cypress commands and chaining\ncy.contains('#ContactUsFrm', 'Contact Us Form').find('#field_11').should('contain', 'First name:'); // jQuery approach\ncy.contains('#ContactUsFrm', 'Contact Us Form').then(function (text) {\n  var firstNameText = text.find('#field_11').text();\n  expect(firstNameText).to.contain('First name'); //Embeded comands (Closure)\n  cy.get('#field_11').then(function (fnText) {\n    cy.log(fnText.text());\n    cy.log(fnText);\n  });\n});",
              "err": {},
              "uuid": "77161d34-c95a-4d2c-ae58-d4e11b12350d",
              "parentUUID": "c06adbdd-4aae-4227-be9c-45614e338f16",
              "isHook": false,
              "skipped": false
            }
          ],
          "suites": [],
          "passes": [
            "137c5680-377c-4dd1-b42d-a1a4a0dfbad7",
            "779bfba5-d121-44c5-b7d5-21a35395c2f6",
            "77161d34-c95a-4d2c-ae58-d4e11b12350d"
          ],
          "failures": [],
          "pending": [],
          "skipped": [],
          "duration": 5935,
          "root": false,
          "rootEmpty": false,
          "_timeout": 2000
        }
      ],
      "passes": [],
      "failures": [],
      "pending": [],
      "skipped": [],
      "duration": 0,
      "root": true,
      "rootEmpty": true,
      "_timeout": 2000
    },
    {
      "uuid": "72decf63-30a1-4b00-bb0e-40e33b8b1080",
      "title": "",
      "fullFile": "cypress\\integration\\webdriver-uni\\autocomplete-dropdown-list.js",
      "file": "cypress\\integration\\webdriver-uni\\autocomplete-dropdown-list.js",
      "beforeHooks": [],
      "afterHooks": [],
      "tests": [],
      "suites": [
        {
          "uuid": "88a907e3-5c4d-4c24-88e2-0254b5b4611a",
          "title": "Verify autocomplete  dropdown list via WebDriverUni",
          "fullFile": "",
          "file": "",
          "beforeHooks": [],
          "afterHooks": [],
          "tests": [
            {
              "title": "Select specific product via autocomplete dropdown list on webdriveruniversity",
              "fullTitle": "Verify autocomplete  dropdown list via WebDriverUni Select specific product via autocomplete dropdown list on webdriveruniversity",
              "timedOut": null,
              "duration": 2261,
              "state": "passed",
              "speed": "slow",
              "pass": true,
              "fail": false,
              "pending": false,
              "context": null,
              "code": "cy.visit('http://webdriveruniversity.com/');\ncy.get('#autocomplete-textfield').invoke('removeAttr', \"target\").click({\n  force: true\n});\ncy.get('#myInput').type('a');\ncy.get('#myInputautocomplete-list > *').each(function ($el, index, $list) {\n  var prod = $el.text();\n  var productToSelect = 'Avacado'; // cy.log(productToSelect)\n  if (prod === productToSelect) {\n    cy.get($el).click();\n    cy.get('#submit-button').click();\n    cy.url().should('include', productToSelect);\n  }\n}).then(function () {\n  cy.get('#myInput').type('gr');\n  cy.get('#myInputautocomplete-list > *').each(function ($el, index, $list) {\n    var prod = $el.text();\n    var productToSelect = 'Grapes';\n    if (prod === productToSelect) {\n      cy.get($el).click();\n      cy.get('#submit-button').click();\n      cy.url().should('include', productToSelect);\n    }\n  });\n});",
              "err": {},
              "uuid": "8a1cf60c-9a5b-4c76-b55a-c97393ca5e3d",
              "parentUUID": "88a907e3-5c4d-4c24-88e2-0254b5b4611a",
              "isHook": false,
              "skipped": false
            }
          ],
          "suites": [],
          "passes": [
            "8a1cf60c-9a5b-4c76-b55a-c97393ca5e3d"
          ],
          "failures": [],
          "pending": [],
          "skipped": [],
          "duration": 2261,
          "root": false,
          "rootEmpty": false,
          "_timeout": 2000
        }
      ],
      "passes": [],
      "failures": [],
      "pending": [],
      "skipped": [],
      "duration": 0,
      "root": true,
      "rootEmpty": true,
      "_timeout": 2000
    },
    {
      "uuid": "73c16d1c-fd5c-47e5-a115-b651eefe8b18",
      "title": "",
      "fullFile": "cypress\\integration\\webdriver-uni\\browser-navigation.js",
      "file": "cypress\\integration\\webdriver-uni\\browser-navigation.js",
      "beforeHooks": [],
      "afterHooks": [],
      "tests": [],
      "suites": [
        {
          "uuid": "0a991ed8-6624-4c9a-8b93-de37bdd5e8a7",
          "title": "Validate WebDriverUni homepage link",
          "fullFile": "",
          "file": "",
          "beforeHooks": [],
          "afterHooks": [],
          "tests": [
            {
              "title": "Confirm links redirects to the correct pages",
              "fullTitle": "Validate WebDriverUni homepage link Confirm links redirects to the correct pages",
              "timedOut": null,
              "duration": 3670,
              "state": "passed",
              "speed": "slow",
              "pass": true,
              "fail": false,
              "pending": false,
              "context": null,
              "code": "cy.visit('http://webdriveruniversity.com/');\ncy.get('#contact-us').invoke('removeAttr', \"target\").click({\n  force: true\n});\ncy.url().should('include', 'contactus');\ncy.go('back'); // cy.reload(true) // reload without using cache\ncy.reload(); // reload  using cache\ncy.url().should('not.include', 'contactus');\ncy.go('forward');\ncy.url().should('include', 'contactus');\ncy.go('back');\ncy.get('#login-portal').invoke('removeAttr', \"target\").click({\n  force: true\n});\ncy.url().should('include', 'Login-Portal');\ncy.get('.form input[placeholder = \"Username\"]').should('exist'); //chellange\ncy.go('back');\ncy.get('#to-do-list').invoke('removeAttr', \"target\").click({\n  force: true\n});\ncy.url().should('include', 'To-Do-List');\ncy.get('#container').should('exist');\ncy.get('#plus-icon').should('exist');\ncy.get('#container > h1').should('have.text', 'TO-DO LIST ');",
              "err": {},
              "uuid": "4a12c9d1-fa3a-47ad-91e2-d7d0d510203c",
              "parentUUID": "0a991ed8-6624-4c9a-8b93-de37bdd5e8a7",
              "isHook": false,
              "skipped": false
            }
          ],
          "suites": [],
          "passes": [
            "4a12c9d1-fa3a-47ad-91e2-d7d0d510203c"
          ],
          "failures": [],
          "pending": [],
          "skipped": [],
          "duration": 3670,
          "root": false,
          "rootEmpty": false,
          "_timeout": 2000
        }
      ],
      "passes": [],
      "failures": [],
      "pending": [],
      "skipped": [],
      "duration": 0,
      "root": true,
      "rootEmpty": true,
      "_timeout": 2000
    },
    {
      "uuid": "3066f067-bed6-4094-8507-c4465c1c2fb1",
      "title": "",
      "fullFile": "cypress\\integration\\webdriver-uni\\checkboxes.js",
      "file": "cypress\\integration\\webdriver-uni\\checkboxes.js",
      "beforeHooks": [],
      "afterHooks": [],
      "tests": [],
      "suites": [
        {
          "uuid": "2b4d7fea-056e-471f-9702-c981edf3b6b2",
          "title": "Test -  Validate checkbox actions via WebDriverUni",
          "fullFile": "",
          "file": "",
          "beforeHooks": [],
          "afterHooks": [],
          "tests": [
            {
              "title": "Validate checkboxes actions via webdriveruniversity",
              "fullTitle": "Test -  Validate checkbox actions via WebDriverUni Validate checkboxes actions via webdriveruniversity",
              "timedOut": null,
              "duration": 729,
              "state": "passed",
              "speed": "slow",
              "pass": true,
              "fail": false,
              "pending": false,
              "context": null,
              "code": "cy.get('#checkboxes > :nth-child(1) > input').check().should('be.checked');\ncy.get('#checkboxes > :nth-child(1) > input').as('option-1');\ncy.get('@option-1').check().should('be.checked');",
              "err": {},
              "uuid": "03aecfc4-85b3-475b-a266-4a3373f6f7b5",
              "parentUUID": "2b4d7fea-056e-471f-9702-c981edf3b6b2",
              "isHook": false,
              "skipped": false
            },
            {
              "title": "Validate unchecked checkboxe actions via webdriveruniversity",
              "fullTitle": "Test -  Validate checkbox actions via WebDriverUni Validate unchecked checkboxe actions via webdriveruniversity",
              "timedOut": null,
              "duration": 383,
              "state": "passed",
              "speed": "slow",
              "pass": true,
              "fail": false,
              "pending": false,
              "context": null,
              "code": "cy.get('#checkboxes > :nth-child(3) > input').as('option-3');\ncy.get('@option-3').uncheck().should('not.be.checked');",
              "err": {},
              "uuid": "85030655-3a89-4bda-bf71-7b2cf5499277",
              "parentUUID": "2b4d7fea-056e-471f-9702-c981edf3b6b2",
              "isHook": false,
              "skipped": false
            },
            {
              "title": "Validate multiple check checkboxes  via webdriveruniversity",
              "fullTitle": "Test -  Validate checkbox actions via WebDriverUni Validate multiple check checkboxes  via webdriveruniversity",
              "timedOut": null,
              "duration": 448,
              "state": "passed",
              "speed": "slow",
              "pass": true,
              "fail": false,
              "pending": false,
              "context": null,
              "code": "cy.get(\"input[type='checkbox']\").check([\"option-1\"], [\"option-2\"], [\"option-3\"], [\"option-4\"]);\ncy.get(\"input[type='checkbox']\").check([\"option-1\"], [\"option-2\"], [\"option-3\"], [\"option-4\"]).should('be.checked');",
              "err": {},
              "uuid": "59a59938-f883-4924-b9f0-11badfdb9098",
              "parentUUID": "2b4d7fea-056e-471f-9702-c981edf3b6b2",
              "isHook": false,
              "skipped": false
            }
          ],
          "suites": [],
          "passes": [
            "03aecfc4-85b3-475b-a266-4a3373f6f7b5",
            "85030655-3a89-4bda-bf71-7b2cf5499277",
            "59a59938-f883-4924-b9f0-11badfdb9098"
          ],
          "failures": [],
          "pending": [],
          "skipped": [],
          "duration": 1560,
          "root": false,
          "rootEmpty": false,
          "_timeout": 2000
        }
      ],
      "passes": [],
      "failures": [],
      "pending": [],
      "skipped": [],
      "duration": 0,
      "root": true,
      "rootEmpty": true,
      "_timeout": 2000
    },
    {
      "uuid": "2370e5aa-124e-4404-b8f8-58174870b821",
      "title": "",
      "fullFile": "cypress\\integration\\webdriver-uni\\contact-us.js",
      "file": "cypress\\integration\\webdriver-uni\\contact-us.js",
      "beforeHooks": [],
      "afterHooks": [],
      "tests": [],
      "suites": [
        {
          "uuid": "a14a98b7-590c-477a-96c8-c93cb33b5139",
          "title": "Test contact us form via WebDriverUni",
          "fullFile": "",
          "file": "",
          "beforeHooks": [],
          "afterHooks": [],
          "tests": [
            {
              "title": "Should be able to submit a successful submission via Contact us form",
              "fullTitle": "Test contact us form via WebDriverUni Should be able to submit a successful submission via Contact us form",
              "timedOut": null,
              "duration": 2410,
              "state": "passed",
              "speed": "slow",
              "pass": true,
              "fail": false,
              "pending": false,
              "context": null,
              "code": "cy.document().should('have.property', 'charset').and('eq', 'UTF-8');\ncy.title().should('include', 'WebDriver | Contact Us');\ncy.url().should('include', '/contactus');\ncy.get('[name=\"first_name\"]').type(data.first_name).should('have.attr', 'placeholder', 'First Name');\ncy.get('[name=\"last_name\"]').type(data.last_name);\ncy.get('[name=\"email\"]').type(data.email);\ncy.get('[name=\"message\"]').type(data.message);\ncy.get('[name=\"last_name\"]').should('have.attr', 'placeholder', 'Last Name');\ncy.get('[name=\"email\"]').should('have.attr', 'placeholder');\ncy.get('[type=\"submit\"]').click();\ncy.get('h1').should('have.text', 'Thank You for your Message!');",
              "err": {},
              "uuid": "9c68a8e6-4588-445c-846e-bc698b1bebd3",
              "parentUUID": "a14a98b7-590c-477a-96c8-c93cb33b5139",
              "isHook": false,
              "skipped": false
            },
            {
              "title": "Should be able to submit a successful submission via Contact us form by custom command",
              "fullTitle": "Test contact us form via WebDriverUni Should be able to submit a successful submission via Contact us form by custom command",
              "timedOut": null,
              "duration": 2032,
              "state": "passed",
              "speed": "slow",
              "pass": true,
              "fail": false,
              "pending": false,
              "context": null,
              "code": "cy.document().should('have.property', 'charset').and('eq', 'UTF-8');\ncy.title().should('include', 'WebDriver | Contact Us');\ncy.url().should('include', '/contactus');\ncy.webdriverUni_ContactForm_Submission(data.first_name, data.last_name, data.email, data.message, 'h1', 'Thank You for your Message!');",
              "err": {},
              "uuid": "a51849eb-bee7-4cc1-8fd2-5d1c641c4eef",
              "parentUUID": "a14a98b7-590c-477a-96c8-c93cb33b5139",
              "isHook": false,
              "skipped": false
            },
            {
              "title": "Should be able to submit a successful submission via Contact us form by custom command and global variables",
              "fullTitle": "Test contact us form via WebDriverUni Should be able to submit a successful submission via Contact us form by custom command and global variables",
              "timedOut": null,
              "duration": 2393,
              "state": "passed",
              "speed": "slow",
              "pass": true,
              "fail": false,
              "pending": false,
              "context": null,
              "code": "cy.document().should('have.property', 'charset').and('eq', 'UTF-8');\ncy.title().should('include', 'WebDriver | Contact Us');\ncy.url().should('include', '/contactus');\ncy.webdriverUni_ContactForm_Submission(Cypress.env(\"first_name\"), data.last_name, data.email, data.message, 'h1', 'Thank You for your Message!');",
              "err": {},
              "uuid": "15b082f4-515e-43cb-959f-471473621ec8",
              "parentUUID": "a14a98b7-590c-477a-96c8-c93cb33b5139",
              "isHook": false,
              "skipped": false
            },
            {
              "title": "Should not be able to submit a successful submission via Contact us form",
              "fullTitle": "Test contact us form via WebDriverUni Should not be able to submit a successful submission via Contact us form",
              "timedOut": null,
              "duration": 1550,
              "state": "passed",
              "speed": "slow",
              "pass": true,
              "fail": false,
              "pending": false,
              "context": null,
              "code": "cy.get('[name=\"first_name\"]').type(data.first_name);\ncy.get('[name=\"last_name\"]').type(data.last_name);\ncy.get('[name=\"message\"]').type(data.message);\ncy.get('[type=\"submit\"]').click();\ncy.get('body').contains('Error: all fields are required Error: Invalid email address');",
              "err": {},
              "uuid": "395e99f4-ca64-432d-a167-f50dc1206ddc",
              "parentUUID": "a14a98b7-590c-477a-96c8-c93cb33b5139",
              "isHook": false,
              "skipped": false
            },
            {
              "title": "Should not be able to submit a successful submission via Contact us form by custom command",
              "fullTitle": "Test contact us form via WebDriverUni Should not be able to submit a successful submission via Contact us form by custom command",
              "timedOut": null,
              "duration": 1572,
              "state": "passed",
              "speed": "slow",
              "pass": true,
              "fail": false,
              "pending": false,
              "context": null,
              "code": "cy.webdriverUni_ContactForm_Submission(data.first_name, data.last_name, \" \", data.message, 'body', 'Error: Invalid email address');",
              "err": {},
              "uuid": "1dbbab38-a959-48a7-8eb2-6c48439c5985",
              "parentUUID": "a14a98b7-590c-477a-96c8-c93cb33b5139",
              "isHook": false,
              "skipped": false
            },
            {
              "title": "Should not be able to submit a successful submission via Contact us form by POM",
              "fullTitle": "Test contact us form via WebDriverUni Should not be able to submit a successful submission via Contact us form by POM",
              "timedOut": null,
              "duration": 2351,
              "state": "passed",
              "speed": "slow",
              "pass": true,
              "fail": false,
              "pending": false,
              "context": null,
              "code": "contactUsPage_PO.contactForm_Submission(data.first_name, data.last_name, \" \", data.message, 'body', 'Error: Invalid email address');",
              "err": {},
              "uuid": "291848ec-9811-4bf9-8240-ee025f885880",
              "parentUUID": "a14a98b7-590c-477a-96c8-c93cb33b5139",
              "isHook": false,
              "skipped": false
            },
            {
              "title": "Should be able to submit a successful submission via Contact us form by POM",
              "fullTitle": "Test contact us form via WebDriverUni Should be able to submit a successful submission via Contact us form by POM",
              "timedOut": null,
              "duration": 2747,
              "state": "passed",
              "speed": "slow",
              "pass": true,
              "fail": false,
              "pending": false,
              "context": null,
              "code": "contactUsPage_PO.contactForm_Submission(Cypress.env(\"first_name\"), data.last_name, data.email, data.message, 'h1', 'Thank You for your Message!');",
              "err": {},
              "uuid": "4fbc073c-a510-4235-a048-0526b22e653d",
              "parentUUID": "a14a98b7-590c-477a-96c8-c93cb33b5139",
              "isHook": false,
              "skipped": false
            }
          ],
          "suites": [],
          "passes": [
            "9c68a8e6-4588-445c-846e-bc698b1bebd3",
            "a51849eb-bee7-4cc1-8fd2-5d1c641c4eef",
            "15b082f4-515e-43cb-959f-471473621ec8",
            "395e99f4-ca64-432d-a167-f50dc1206ddc",
            "1dbbab38-a959-48a7-8eb2-6c48439c5985",
            "291848ec-9811-4bf9-8240-ee025f885880",
            "4fbc073c-a510-4235-a048-0526b22e653d"
          ],
          "failures": [],
          "pending": [],
          "skipped": [],
          "duration": 15055,
          "root": false,
          "rootEmpty": false,
          "_timeout": 2000
        }
      ],
      "passes": [],
      "failures": [],
      "pending": [],
      "skipped": [],
      "duration": 0,
      "root": true,
      "rootEmpty": true,
      "_timeout": 2000
    },
    {
      "uuid": "e5e804b1-ce37-424d-8f79-7e25b4334f3c",
      "title": "",
      "fullFile": "cypress\\integration\\webdriver-uni\\data-tables.js",
      "file": "cypress\\integration\\webdriver-uni\\data-tables.js",
      "beforeHooks": [],
      "afterHooks": [],
      "tests": [],
      "suites": [
        {
          "uuid": "ce17b689-c96d-4c8b-92d1-36b1df9a5781",
          "title": "Data table in Cypress",
          "fullFile": "",
          "file": "",
          "beforeHooks": [],
          "afterHooks": [],
          "tests": [
            {
              "title": "Calculate and assert the total age of all users",
              "fullTitle": "Data table in Cypress Calculate and assert the total age of all users",
              "timedOut": null,
              "duration": 931,
              "state": "passed",
              "speed": "slow",
              "pass": true,
              "fail": false,
              "pending": false,
              "context": null,
              "code": "var numb = 0;\nvar userDetails = [];\nvar userFirstNames = [];\nvar userLastNames = [];\nvar userAge = [];\ncy.get('#thumbnail-1 td').each(function ($el, index, $list) {\n  userDetails[index] = $el.text();\n}).then(function () {\n  var i;\n  for (i = 0; i < userDetails.length; i++) {\n    // userFirstNames += userDetails[i+1]\n    if (Number(userDetails[i])) {\n      numb += Number(userDetails[i]);\n    }\n    cy.log(userDetails[i]);\n  }\n  cy.log('Total age: ' + numb);\n  expect(numb).to.eq(322);\n});",
              "err": {},
              "uuid": "f6ac7691-856c-484b-bed2-5867616f3c1e",
              "parentUUID": "ce17b689-c96d-4c8b-92d1-36b1df9a5781",
              "isHook": false,
              "skipped": false
            },
            {
              "title": "Calculate and assert the age of a given user based on last name",
              "fullTitle": "Data table in Cypress Calculate and assert the age of a given user based on last name",
              "timedOut": null,
              "duration": 411,
              "state": "passed",
              "speed": "slow",
              "pass": true,
              "fail": false,
              "pending": false,
              "context": null,
              "code": "cy.get('#thumbnail-1 tr td:nth-child(2)').each(function ($el, index, $list) {\n  if ($el.text() === 'Woods') {\n    cy.get('#thumbnail-1 tr td:nth-child(2)').eq(index).next().then(function (age) {\n      var userAge = age.text();\n      expect(userAge).to.equal('80');\n    });\n  }\n});",
              "err": {},
              "uuid": "fb2260ff-be24-4af7-a532-eda27ad7577b",
              "parentUUID": "ce17b689-c96d-4c8b-92d1-36b1df9a5781",
              "isHook": false,
              "skipped": false
            }
          ],
          "suites": [],
          "passes": [
            "f6ac7691-856c-484b-bed2-5867616f3c1e",
            "fb2260ff-be24-4af7-a532-eda27ad7577b"
          ],
          "failures": [],
          "pending": [],
          "skipped": [],
          "duration": 1342,
          "root": false,
          "rootEmpty": false,
          "_timeout": 2000
        }
      ],
      "passes": [],
      "failures": [],
      "pending": [],
      "skipped": [],
      "duration": 0,
      "root": true,
      "rootEmpty": true,
      "_timeout": 2000
    },
    {
      "uuid": "88de76d5-8a6a-4d14-83d9-b967d3a2f124",
      "title": "",
      "fullFile": "cypress\\integration\\webdriver-uni\\datepicker.js",
      "file": "cypress\\integration\\webdriver-uni\\datepicker.js",
      "beforeHooks": [],
      "afterHooks": [],
      "tests": [],
      "suites": [
        {
          "uuid": "4b875b60-936d-49f7-979c-19cac83e568f",
          "title": "Test data picker via WebDriverUni",
          "fullFile": "",
          "file": "",
          "beforeHooks": [],
          "afterHooks": [],
          "tests": [
            {
              "title": "Getting current day and change it by getData/setData",
              "fullTitle": "Test data picker via WebDriverUni Getting current day and change it by getData/setData",
              "timedOut": null,
              "duration": 552,
              "state": "passed",
              "speed": "slow",
              "pass": true,
              "fail": false,
              "pending": false,
              "context": null,
              "code": "cy.visit('http://webdriveruniversity.com/');\ncy.get('#datepicker').invoke('removeAttr', \"target\").click({\n  force: true\n});\nvar date = new Date();\ndate.setDate(date.getDate());\ncy.log('current day: ' + date.getDate()); //get current day , i.e. 22\nvar date2 = new Date();\ndate2.setDate(date.getDate() + 5);\ncy.log('current day +5: ' + date2.getDate()); //get current day , i.e. 22 + 5 = 27",
              "err": {},
              "uuid": "3678997f-8596-4a0e-bae1-a179123710a5",
              "parentUUID": "4b875b60-936d-49f7-979c-19cac83e568f",
              "isHook": false,
              "skipped": false
            },
            {
              "title": "Select month and year based on defined number of days in the feature",
              "fullTitle": "Test data picker via WebDriverUni Select month and year based on defined number of days in the feature",
              "timedOut": null,
              "duration": 422,
              "state": "passed",
              "speed": "slow",
              "pass": true,
              "fail": false,
              "pending": false,
              "context": null,
              "code": "cy.visit('http://webdriveruniversity.com/');\ncy.get('#datepicker').invoke('removeAttr', \"target\").click({\n  force: true\n});\nvar date = new Date();\ndate.setDate(date.getDate() + 340);\nvar futureYear = date.getFullYear();\nvar futureMonth = date.toLocaleString(\"default\", {\n  month: \"long\"\n});\nvar futureDay = date.getDate();\ncy.log('Future year to select: ' + futureYear);\ncy.log('Future month to select: ' + futureMonth);\ncy.log('Future day to select: ' + futureDay);",
              "err": {},
              "uuid": "643f4884-a6d1-4287-b2ea-a3c72b01f819",
              "parentUUID": "4b875b60-936d-49f7-979c-19cac83e568f",
              "isHook": false,
              "skipped": false
            },
            {
              "title": "Select day, month and year based on provided day as a + days",
              "fullTitle": "Test data picker via WebDriverUni Select day, month and year based on provided day as a + days",
              "timedOut": null,
              "duration": 735,
              "state": "passed",
              "speed": "slow",
              "pass": true,
              "fail": false,
              "pending": false,
              "context": null,
              "code": "cy.visit('http://webdriveruniversity.com/');\ncy.get('#datepicker').invoke('removeAttr', \"target\").click({\n  force: true\n});\ncy.get('.form-control').click();\nvar date = new Date();\ndate.setDate(date.getDate() + 35);\nvar futureYear = date.getFullYear();\nvar futureMonth = date.toLocaleString(\"default\", {\n  month: \"long\"\n});\nvar futureDay = date.getDate();\ncy.log('Future year to select: ' + futureYear);\ncy.log('Future month to select: ' + futureMonth);\ncy.log('Future day to select: ' + futureDay);\nfunction selectMonthAndYear(params) {\n  cy.get('.dropdown-menu').find('.datepicker-switch').first().then(function (currentDay) {\n    if (!currentDay.text().includes(futureYear)) {\n      cy.log('selected year: ' + futureYear);\n      cy.get('.next').first().click();\n      selectMonthAndYear();\n    }\n  }).then(function () {\n    cy.get('.dropdown-menu').find('.datepicker-switch').first().then(function (currentDay) {\n      if (!currentDay.text().includes(futureMonth)) {\n        cy.log('selected month: ' + futureMonth);\n        cy.get('.next').first().click();\n        selectMonthAndYear();\n      }\n    });\n  });\n}\nfunction selectFeatureDay(params) {\n  cy.get('[class=\"day\"]').contains(futureDay).click();\n}\nselectMonthAndYear();\nselectFeatureDay();",
              "err": {},
              "uuid": "0615f48a-73f9-4fac-8860-ed1778a52a67",
              "parentUUID": "4b875b60-936d-49f7-979c-19cac83e568f",
              "isHook": false,
              "skipped": false
            }
          ],
          "suites": [],
          "passes": [
            "3678997f-8596-4a0e-bae1-a179123710a5",
            "643f4884-a6d1-4287-b2ea-a3c72b01f819",
            "0615f48a-73f9-4fac-8860-ed1778a52a67"
          ],
          "failures": [],
          "pending": [],
          "skipped": [],
          "duration": 1709,
          "root": false,
          "rootEmpty": false,
          "_timeout": 2000
        }
      ],
      "passes": [],
      "failures": [],
      "pending": [],
      "skipped": [],
      "duration": 0,
      "root": true,
      "rootEmpty": true,
      "_timeout": 2000
    },
    {
      "uuid": "56223ed0-7af1-4597-8238-5eb54ef25cc7",
      "title": "",
      "fullFile": "cypress\\integration\\webdriver-uni\\file-upload.js",
      "file": "cypress\\integration\\webdriver-uni\\file-upload.js",
      "beforeHooks": [],
      "afterHooks": [],
      "tests": [],
      "suites": [
        {
          "uuid": "75f05028-6f8d-48a5-a1c6-86f97fd50273",
          "title": "File upload via WebDriverUni",
          "fullFile": "",
          "file": "",
          "beforeHooks": [],
          "afterHooks": [],
          "tests": [
            {
              "title": "Upload PNG file by attachFile() methiod",
              "fullTitle": "File upload via WebDriverUni Upload PNG file by attachFile() methiod",
              "timedOut": null,
              "duration": 733,
              "state": "passed",
              "speed": "slow",
              "pass": true,
              "fail": false,
              "pending": false,
              "context": null,
              "code": "cy.visit('http://webdriveruniversity.com/');\ncy.get('#file-upload').invoke('removeAttr', \"target\").click({\n  force: true\n});\ncy.fixture(\"1.png\", \"base64\").then(function (fileContent) {\n  cy.get('#myFile').attachFile({\n    fileContent: fileContent,\n    fileName: \"1.png\",\n    mimeType: \"image/png\"\n  }, {\n    uploadType: \"input\"\n  });\n});\ncy.get(\"#submit-button\").click();\ncy.on('window:alert', function (str) {\n  expect(str).to.equal('Your file has now been uploaded!');\n});",
              "err": {},
              "uuid": "9b9a16eb-90cd-4cb5-ac30-03cf8223a9d3",
              "parentUUID": "75f05028-6f8d-48a5-a1c6-86f97fd50273",
              "isHook": false,
              "skipped": false
            },
            {
              "title": "Upload no file..",
              "fullTitle": "File upload via WebDriverUni Upload no file..",
              "timedOut": null,
              "duration": 468,
              "state": "passed",
              "speed": "slow",
              "pass": true,
              "fail": false,
              "pending": false,
              "context": null,
              "code": "cy.visit('http://webdriveruniversity.com/');\ncy.get('#file-upload').invoke('removeAttr', \"target\").click({\n  force: true\n});\ncy.get(\"#submit-button\").click();\ncy.on('window:alert', function (str) {\n  expect(str).to.equal('You need to select a file to upload!');\n});",
              "err": {},
              "uuid": "6dcd4434-91b7-41f1-b051-0022856f7434",
              "parentUUID": "75f05028-6f8d-48a5-a1c6-86f97fd50273",
              "isHook": false,
              "skipped": false
            }
          ],
          "suites": [],
          "passes": [
            "9b9a16eb-90cd-4cb5-ac30-03cf8223a9d3",
            "6dcd4434-91b7-41f1-b051-0022856f7434"
          ],
          "failures": [],
          "pending": [],
          "skipped": [],
          "duration": 1201,
          "root": false,
          "rootEmpty": false,
          "_timeout": 2000
        }
      ],
      "passes": [],
      "failures": [],
      "pending": [],
      "skipped": [],
      "duration": 0,
      "root": true,
      "rootEmpty": true,
      "_timeout": 2000
    },
    {
      "uuid": "55ce67ef-1b01-4582-9e23-e201bb0f943e",
      "title": "",
      "fullFile": "cypress\\integration\\webdriver-uni\\iframe.js",
      "file": "cypress\\integration\\webdriver-uni\\iframe.js",
      "beforeHooks": [],
      "afterHooks": [],
      "tests": [],
      "suites": [
        {
          "uuid": "d41b446f-87fc-456a-9aaf-c6898f4de8fb",
          "title": "iFrame tests via WebDriverUni",
          "fullFile": "",
          "file": "",
          "beforeHooks": [],
          "afterHooks": [],
          "tests": [
            {
              "title": "Handle iFrame via webdriveruniversity",
              "fullTitle": "iFrame tests via WebDriverUni Handle iFrame via webdriveruniversity",
              "timedOut": null,
              "duration": 1181,
              "state": "passed",
              "speed": "slow",
              "pass": true,
              "fail": false,
              "pending": false,
              "context": null,
              "code": "cy.visit('http://webdriveruniversity.com/');\ncy.get('#iframe').invoke('removeAttr', \"target\").click({\n  force: true\n});\ncy.get('#frame').then(function ($iframe) {\n  var body = $iframe.contents().find('body');\n  cy.wrap(body).as('iframe');\n});\ncy.get('@iframe').find('#button-find-out-more').click();\ncy.get('@iframe').find('#myModal').as('modal');\ncy.get('@iframe').find('.modal-title').as('modalTitle');\ncy.get('@iframe').find('.modal-body').as('modalBody');\ncy.get('@iframe').find('.modal-header').as('modalHeader');\ncy.get('@iframe').find('.modal-footer').as('modalFooter'); // basic approach with .should('have.text', ...)\ncy.get('@modalTitle').should('have.text', 'Welcome to webdriveruniversity.com'); // the same case with promise\ncy.get('@modal').should(function ($expectedText) {\n  var text = $expectedText.text();\n  expect(text).to.include('Welcome to webdriveruniversity.com we sell a wide range of electrical goods ');\n});\ncy.get('@modalFooter').contains('Close').click();",
              "err": {},
              "uuid": "8ccca92d-0e59-4156-9c5e-948837e1883f",
              "parentUUID": "d41b446f-87fc-456a-9aaf-c6898f4de8fb",
              "isHook": false,
              "skipped": false
            }
          ],
          "suites": [],
          "passes": [
            "8ccca92d-0e59-4156-9c5e-948837e1883f"
          ],
          "failures": [],
          "pending": [],
          "skipped": [],
          "duration": 1181,
          "root": false,
          "rootEmpty": false,
          "_timeout": 2000
        }
      ],
      "passes": [],
      "failures": [],
      "pending": [],
      "skipped": [],
      "duration": 0,
      "root": true,
      "rootEmpty": true,
      "_timeout": 2000
    },
    {
      "uuid": "fb96ecde-efe7-4a11-a195-f4b72f296406",
      "title": "",
      "fullFile": "cypress\\integration\\webdriver-uni\\js-alert.js",
      "file": "cypress\\integration\\webdriver-uni\\js-alert.js",
      "beforeHooks": [],
      "afterHooks": [],
      "tests": [],
      "suites": [
        {
          "uuid": "4ee79a38-8730-44b7-aa43-d3f358dbee13",
          "title": "Handle js alert on WebDriverUni",
          "fullFile": "",
          "file": "",
          "beforeHooks": [],
          "afterHooks": [],
          "tests": [
            {
              "title": "Validate js confirm alert box using a stub",
              "fullTitle": "Handle js alert on WebDriverUni Validate js confirm alert box using a stub",
              "timedOut": null,
              "duration": 844,
              "state": "passed",
              "speed": "slow",
              "pass": true,
              "fail": false,
              "pending": false,
              "context": null,
              "code": "cy.visit('http://webdriveruniversity.com/');\ncy.get('#popup-alerts').invoke('removeAttr', \"target\").click({\n  force: true\n});\nvar stub = cy.stub();\ncy.on('window:confirm', stub);\ncy.get('#button4').click().then(function () {\n  expect(stub.getCall(0)).to.be.calledWith('Press a button!');\n}).then(function () {\n  return true;\n}).then(function () {\n  cy.get('#confirm-alert-text').should('have.text', 'You pressed OK!');\n});",
              "err": {},
              "uuid": "2a812aab-0452-4705-8b05-7afe33ed17c4",
              "parentUUID": "4ee79a38-8730-44b7-aa43-d3f358dbee13",
              "isHook": false,
              "skipped": false
            }
          ],
          "suites": [],
          "passes": [
            "2a812aab-0452-4705-8b05-7afe33ed17c4"
          ],
          "failures": [],
          "pending": [],
          "skipped": [],
          "duration": 844,
          "root": false,
          "rootEmpty": false,
          "_timeout": 2000
        }
      ],
      "passes": [],
      "failures": [],
      "pending": [],
      "skipped": [],
      "duration": 0,
      "root": true,
      "rootEmpty": true,
      "_timeout": 2000
    },
    {
      "uuid": "a0acc0a4-4073-447c-92ea-41392a04f91a",
      "title": "",
      "fullFile": "cypress\\integration\\webdriver-uni\\mouse-actions.js",
      "file": "cypress\\integration\\webdriver-uni\\mouse-actions.js",
      "beforeHooks": [],
      "afterHooks": [],
      "tests": [],
      "suites": [
        {
          "uuid": "3d9ca3ec-5845-4891-8013-0e7a37228a6d",
          "title": "Verify autocomplete  dropdown list via WebDriverUni",
          "fullFile": "",
          "file": "",
          "beforeHooks": [],
          "afterHooks": [],
          "tests": [
            {
              "title": "Hold down the left mouse button on a given element",
              "fullTitle": "Verify autocomplete  dropdown list via WebDriverUni Hold down the left mouse button on a given element",
              "timedOut": null,
              "duration": 887,
              "state": "passed",
              "speed": "slow",
              "pass": true,
              "fail": false,
              "pending": false,
              "context": null,
              "code": "cy.visit('http://webdriveruniversity.com/');\ncy.get('#actions').scrollIntoView().invoke('removeAttr', \"target\").click({\n  force: true\n});\ncy.get('#click-box').trigger('mousedown', {\n  which: 1\n}).then(function ($el) {\n  expect($el).to.have.css('background-color', 'rgb(0, 255, 0)');\n  cy.get($el).should('have.text', 'Well done! keep holding that click now.....');\n});",
              "err": {},
              "uuid": "4dcdd50b-ce19-4d21-a0dd-3068c8c39e3f",
              "parentUUID": "3d9ca3ec-5845-4891-8013-0e7a37228a6d",
              "isHook": false,
              "skipped": false
            }
          ],
          "suites": [],
          "passes": [
            "4dcdd50b-ce19-4d21-a0dd-3068c8c39e3f"
          ],
          "failures": [],
          "pending": [],
          "skipped": [],
          "duration": 887,
          "root": false,
          "rootEmpty": false,
          "_timeout": 2000
        }
      ],
      "passes": [],
      "failures": [],
      "pending": [],
      "skipped": [],
      "duration": 0,
      "root": true,
      "rootEmpty": true,
      "_timeout": 2000
    },
    {
      "uuid": "e97a42bb-4c5c-4a92-bf1f-2e10b07734c5",
      "title": "",
      "fullFile": "cypress\\integration\\webdriver-uni\\radiobuttons.js",
      "file": "cypress\\integration\\webdriver-uni\\radiobuttons.js",
      "beforeHooks": [],
      "afterHooks": [],
      "tests": [],
      "suites": [
        {
          "uuid": "9d5931bd-1c79-4729-a592-4ec5fd27f7fa",
          "title": "Verify radio buttons contact us form via WebDriverUni",
          "fullFile": "",
          "file": "",
          "beforeHooks": [],
          "afterHooks": [],
          "tests": [
            {
              "title": "Check specific radiobuttons via webdriveruniversity",
              "fullTitle": "Verify radio buttons contact us form via WebDriverUni Check specific radiobuttons via webdriveruniversity",
              "timedOut": null,
              "duration": 693,
              "state": "passed",
              "speed": "slow",
              "pass": true,
              "fail": false,
              "pending": false,
              "context": null,
              "code": "cy.get('#radio-buttons').find('[type=\"radio\"]').first().check(); // << this is working\ncy.get('#radio-buttons').find('[type=\"radio\"]').eq(2).check(); // << this is working. the couinting starts from 0",
              "err": {},
              "uuid": "bd6b4eb3-bcb6-49c3-8307-81421e981b1d",
              "parentUUID": "9d5931bd-1c79-4729-a592-4ec5fd27f7fa",
              "isHook": false,
              "skipped": false
            },
            {
              "title": "Check specific radiobuttons via webdriveruniversity",
              "fullTitle": "Verify radio buttons contact us form via WebDriverUni Check specific radiobuttons via webdriveruniversity",
              "timedOut": null,
              "duration": 38,
              "state": "passed",
              "speed": "medium",
              "pass": true,
              "fail": false,
              "pending": false,
              "context": null,
              "code": "cy.get('[value=\"lettuce\"]').should('not.be.checked');\ncy.get('[value=\"cabbage\"]').should('not.be.checked');\ncy.get('[value=\"pumpkin\"]').should('be.checked');",
              "err": {},
              "uuid": "d68a1919-ef4d-4ad1-8635-11e47fda55f1",
              "parentUUID": "9d5931bd-1c79-4729-a592-4ec5fd27f7fa",
              "isHook": false,
              "skipped": false
            }
          ],
          "suites": [],
          "passes": [
            "bd6b4eb3-bcb6-49c3-8307-81421e981b1d",
            "d68a1919-ef4d-4ad1-8635-11e47fda55f1"
          ],
          "failures": [],
          "pending": [],
          "skipped": [],
          "duration": 731,
          "root": false,
          "rootEmpty": false,
          "_timeout": 2000
        }
      ],
      "passes": [],
      "failures": [],
      "pending": [],
      "skipped": [],
      "duration": 0,
      "root": true,
      "rootEmpty": true,
      "_timeout": 2000
    },
    {
      "uuid": "b223ae4b-7520-45ed-a75e-22e67339e58d",
      "title": "",
      "fullFile": "cypress\\integration\\webdriver-uni\\select-dropdown-list.js",
      "file": "cypress\\integration\\webdriver-uni\\select-dropdown-list.js",
      "beforeHooks": [],
      "afterHooks": [],
      "tests": [],
      "suites": [
        {
          "uuid": "bfe92f11-9e37-4c1b-9c66-43b7dbd935fe",
          "title": "Interact with dropdown list via WebDriverUni",
          "fullFile": "",
          "file": "",
          "beforeHooks": [],
          "afterHooks": [],
          "tests": [
            {
              "title": "Chalange dropdown on webdriveruniversity",
              "fullTitle": "Interact with dropdown list via WebDriverUni Chalange dropdown on webdriveruniversity",
              "timedOut": null,
              "duration": 1219,
              "state": "passed",
              "speed": "slow",
              "pass": true,
              "fail": false,
              "pending": false,
              "context": null,
              "code": "cy.visit('http://webdriveruniversity.com/');\ncy.get('#dropdown-checkboxes-radiobuttons').invoke('removeAttr', \"target\").click({\n  force: true\n});\ncy.get('#dropdowm-menu-2').select('maven').should('have.value', 'maven');\ncy.get('#dropdowm-menu-2').select('testng').contains('TestNG');",
              "err": {},
              "uuid": "cf0444b6-dcac-4c5a-a5f6-105d940fc398",
              "parentUUID": "bfe92f11-9e37-4c1b-9c66-43b7dbd935fe",
              "isHook": false,
              "skipped": false
            }
          ],
          "suites": [],
          "passes": [
            "cf0444b6-dcac-4c5a-a5f6-105d940fc398"
          ],
          "failures": [],
          "pending": [],
          "skipped": [],
          "duration": 1219,
          "root": false,
          "rootEmpty": false,
          "_timeout": 2000
        }
      ],
      "passes": [],
      "failures": [],
      "pending": [],
      "skipped": [],
      "duration": 0,
      "root": true,
      "rootEmpty": true,
      "_timeout": 2000
    },
    {
      "uuid": "a6e8b776-37cb-4868-8d5b-5ab28b714ec9",
      "title": "",
      "fullFile": "cypress\\integration\\webdriver-uni\\traversing-elements.js",
      "file": "cypress\\integration\\webdriver-uni\\traversing-elements.js",
      "beforeHooks": [],
      "afterHooks": [],
      "tests": [],
      "suites": [
        {
          "uuid": "d80a23fc-e834-4eda-be0e-548aa518e648",
          "title": "Traversing DOM elements in Cypress",
          "fullFile": "",
          "file": "",
          "beforeHooks": [],
          "afterHooks": [],
          "tests": [
            {
              "title": "children() to get the children of DOM elements",
              "fullTitle": "Traversing DOM elements in Cypress children() to get the children of DOM elements",
              "timedOut": null,
              "duration": 541,
              "state": "passed",
              "speed": "slow",
              "pass": true,
              "fail": false,
              "pending": false,
              "context": null,
              "code": "cy.get('.breadcrumb.traversal-breadcrumb').children('.active').should('contain', 'Contact Us');",
              "err": {},
              "uuid": "53ef7157-b604-4228-bd47-1dba40ae2fdb",
              "parentUUID": "d80a23fc-e834-4eda-be0e-548aa518e648",
              "isHook": false,
              "skipped": false
            },
            {
              "title": "closest() to validate the closest ancestor DOM element",
              "fullTitle": "Traversing DOM elements in Cypress closest() to validate the closest ancestor DOM element",
              "timedOut": null,
              "duration": 394,
              "state": "passed",
              "speed": "slow",
              "pass": true,
              "fail": false,
              "pending": false,
              "context": null,
              "code": "cy.get('.traversal-badge').closest('ul').should('have.class', 'list-group');",
              "err": {},
              "uuid": "0950012e-d318-4ddc-902a-a1bc7d797753",
              "parentUUID": "d80a23fc-e834-4eda-be0e-548aa518e648",
              "isHook": false,
              "skipped": false
            },
            {
              "title": "eq() to retrieve a specific element based on index",
              "fullTitle": "Traversing DOM elements in Cypress eq() to retrieve a specific element based on index",
              "timedOut": null,
              "duration": 379,
              "state": "passed",
              "speed": "slow",
              "pass": true,
              "fail": false,
              "pending": false,
              "context": null,
              "code": "cy.get('.traversal-drinks-list> *').eq(2).should('have.text', 'Milk');",
              "err": {},
              "uuid": "6534f3f6-5787-49f1-a9ed-02e9298d379b",
              "parentUUID": "d80a23fc-e834-4eda-be0e-548aa518e648",
              "isHook": false,
              "skipped": false
            },
            {
              "title": "filter() to retrieve DOM elements that match a specific selector",
              "fullTitle": "Traversing DOM elements in Cypress filter() to retrieve DOM elements that match a specific selector",
              "timedOut": null,
              "duration": 387,
              "state": "passed",
              "speed": "slow",
              "pass": true,
              "fail": false,
              "pending": false,
              "context": null,
              "code": "cy.get('.btn-group-toggle > *').filter('.active').should('have.text', 'Button-1');",
              "err": {},
              "uuid": "7e6b17da-2aaa-4b72-98b5-c6406b47f3be",
              "parentUUID": "d80a23fc-e834-4eda-be0e-548aa518e648",
              "isHook": false,
              "skipped": false
            },
            {
              "title": "find() to retrieve DOM elements of a given selector",
              "fullTitle": "Traversing DOM elements in Cypress find() to retrieve DOM elements of a given selector",
              "timedOut": null,
              "duration": 404,
              "state": "passed",
              "speed": "slow",
              "pass": true,
              "fail": false,
              "pending": false,
              "context": null,
              "code": "cy.get('.traversal-pagination').find('li').find('a').should('have.length', 7);",
              "err": {},
              "uuid": "b3281d93-ff81-46e5-b047-92fe807a7d71",
              "parentUUID": "d80a23fc-e834-4eda-be0e-548aa518e648",
              "isHook": false,
              "skipped": false
            },
            {
              "title": "first() to retrieve the first DOM element witonlyhin elements ",
              "fullTitle": "Traversing DOM elements in Cypress first() to retrieve the first DOM element witonlyhin elements ",
              "timedOut": null,
              "duration": 378,
              "state": "passed",
              "speed": "slow",
              "pass": true,
              "fail": false,
              "pending": false,
              "context": null,
              "code": "cy.get('.traversal-table > tbody > tr >td').first().should('have.text', 'Andy');",
              "err": {},
              "uuid": "24ca101e-fcd2-46a3-821c-51d45074013b",
              "parentUUID": "d80a23fc-e834-4eda-be0e-548aa518e648",
              "isHook": false,
              "skipped": false
            },
            {
              "title": "last() to retrieve the last DOM element within elements",
              "fullTitle": "Traversing DOM elements in Cypress last() to retrieve the last DOM element within elements",
              "timedOut": null,
              "duration": 362,
              "state": "passed",
              "speed": "slow",
              "pass": true,
              "fail": false,
              "pending": false,
              "context": null,
              "code": "cy.get('.traversal-table > tbody > tr >td').last().should('have.text', 'Scott');",
              "err": {},
              "uuid": "14f06d24-fdcf-4a13-ba00-71a44c06a894",
              "parentUUID": "d80a23fc-e834-4eda-be0e-548aa518e648",
              "isHook": false,
              "skipped": false
            },
            {
              "title": "nextAll() to get all of the next sibling DOM elements within elements",
              "fullTitle": "Traversing DOM elements in Cypress nextAll() to get all of the next sibling DOM elements within elements",
              "timedOut": null,
              "duration": 679,
              "state": "passed",
              "speed": "slow",
              "pass": true,
              "fail": false,
              "pending": false,
              "context": null,
              "code": "cy.get('.traversal-drinks-list').contains('Tea').nextAll().should('have.length', '3');",
              "err": {},
              "uuid": "b85dcd8c-0f5f-4043-a9eb-0f7e3867b8ca",
              "parentUUID": "d80a23fc-e834-4eda-be0e-548aa518e648",
              "isHook": false,
              "skipped": false
            },
            {
              "title": "nextUntil() to get all of the next sibling DOM elements within elements until another element",
              "fullTitle": "Traversing DOM elements in Cypress nextUntil() to get all of the next sibling DOM elements within elements until another element",
              "timedOut": null,
              "duration": 342,
              "state": "passed",
              "speed": "slow",
              "pass": true,
              "fail": false,
              "pending": false,
              "context": null,
              "code": "cy.get('#coffee').nextUntil('#sugar').should('have.length', '3');",
              "err": {},
              "uuid": "6abdfa12-c38c-417c-badb-c61cbeb19bd3",
              "parentUUID": "d80a23fc-e834-4eda-be0e-548aa518e648",
              "isHook": false,
              "skipped": false
            },
            {
              "title": "not() to remove DOM element(s) from the set of elements",
              "fullTitle": "Traversing DOM elements in Cypress not() to remove DOM element(s) from the set of elements",
              "timedOut": null,
              "duration": 407,
              "state": "passed",
              "speed": "slow",
              "pass": true,
              "fail": false,
              "pending": false,
              "context": null,
              "code": "cy.get('.traversal-button-states > button').not('.disabled').should('not.have.class', 'disaled');",
              "err": {},
              "uuid": "76a9c9a7-252d-4f04-9460-27d98025d03f",
              "parentUUID": "d80a23fc-e834-4eda-be0e-548aa518e648",
              "isHook": false,
              "skipped": false
            },
            {
              "title": "parent() To get parent DOM element of elements",
              "fullTitle": "Traversing DOM elements in Cypress parent() To get parent DOM element of elements",
              "timedOut": null,
              "duration": 379,
              "state": "passed",
              "speed": "slow",
              "pass": true,
              "fail": false,
              "pending": false,
              "context": null,
              "code": "cy.get('.traversal-mark').parent().should('contain', 'Lorem ipsum dolor sit');",
              "err": {},
              "uuid": "959f7f62-da2b-420d-8989-5324ed2a799c",
              "parentUUID": "d80a23fc-e834-4eda-be0e-548aa518e648",
              "isHook": false,
              "skipped": false
            },
            {
              "title": "parents() to get parents DOM element of elements",
              "fullTitle": "Traversing DOM elements in Cypress parents() to get parents DOM element of elements",
              "timedOut": null,
              "duration": 399,
              "state": "passed",
              "speed": "slow",
              "pass": true,
              "fail": false,
              "pending": false,
              "context": null,
              "code": "cy.get('.traversal-cite').parents().should('match', 'blockquote');",
              "err": {},
              "uuid": "619ca5bf-4e03-494f-bc3b-f8bdeb918969",
              "parentUUID": "d80a23fc-e834-4eda-be0e-548aa518e648",
              "isHook": false,
              "skipped": false
            },
            {
              "title": "prev() to get the previous sibling DOM element within elements",
              "fullTitle": "Traversing DOM elements in Cypress prev() to get the previous sibling DOM element within elements",
              "timedOut": null,
              "duration": 378,
              "state": "passed",
              "speed": "slow",
              "pass": true,
              "fail": false,
              "pending": false,
              "context": null,
              "code": "cy.get('#sugar').prev().should('have.text', 'Espresso');",
              "err": {},
              "uuid": "0d74380d-675f-4e4b-9ac9-13ff24f16e9b",
              "parentUUID": "d80a23fc-e834-4eda-be0e-548aa518e648",
              "isHook": false,
              "skipped": false
            },
            {
              "title": "prevAll() to get all previous sibling DOM elements within elements",
              "fullTitle": "Traversing DOM elements in Cypress prevAll() to get all previous sibling DOM elements within elements",
              "timedOut": null,
              "duration": 385,
              "state": "passed",
              "speed": "slow",
              "pass": true,
              "fail": false,
              "pending": false,
              "context": null,
              "code": "cy.get('.sales').prevAll().should('have.length', '2');",
              "err": {},
              "uuid": "0d91bdc8-90fe-414f-9030-e3e0f5a087e0",
              "parentUUID": "d80a23fc-e834-4eda-be0e-548aa518e648",
              "isHook": false,
              "skipped": false
            },
            {
              "title": "prevUntil() to get all previous sibling DOM elements within elements until other element",
              "fullTitle": "Traversing DOM elements in Cypress prevUntil() to get all previous sibling DOM elements within elements until other element",
              "timedOut": null,
              "duration": 378,
              "state": "passed",
              "speed": "slow",
              "pass": true,
              "fail": false,
              "pending": false,
              "context": null,
              "code": "cy.get('#veggie').prevUntil('#fruits').should('have.length', '5');",
              "err": {},
              "uuid": "d63280bf-007a-437d-a09d-08e86eff061d",
              "parentUUID": "d80a23fc-e834-4eda-be0e-548aa518e648",
              "isHook": false,
              "skipped": false
            },
            {
              "title": "siblings() to get all sibling DOM elements of elements",
              "fullTitle": "Traversing DOM elements in Cypress siblings() to get all sibling DOM elements of elements",
              "timedOut": null,
              "duration": 396,
              "state": "passed",
              "speed": "slow",
              "pass": true,
              "fail": false,
              "pending": false,
              "context": null,
              "code": "cy.get('.traversal-button-other-states .active').siblings().should('have.length', '3');",
              "err": {},
              "uuid": "18fff737-e8bd-4ae3-998d-c8185387ca99",
              "parentUUID": "d80a23fc-e834-4eda-be0e-548aa518e648",
              "isHook": false,
              "skipped": false
            }
          ],
          "suites": [],
          "passes": [
            "53ef7157-b604-4228-bd47-1dba40ae2fdb",
            "0950012e-d318-4ddc-902a-a1bc7d797753",
            "6534f3f6-5787-49f1-a9ed-02e9298d379b",
            "7e6b17da-2aaa-4b72-98b5-c6406b47f3be",
            "b3281d93-ff81-46e5-b047-92fe807a7d71",
            "24ca101e-fcd2-46a3-821c-51d45074013b",
            "14f06d24-fdcf-4a13-ba00-71a44c06a894",
            "b85dcd8c-0f5f-4043-a9eb-0f7e3867b8ca",
            "6abdfa12-c38c-417c-badb-c61cbeb19bd3",
            "76a9c9a7-252d-4f04-9460-27d98025d03f",
            "959f7f62-da2b-420d-8989-5324ed2a799c",
            "619ca5bf-4e03-494f-bc3b-f8bdeb918969",
            "0d74380d-675f-4e4b-9ac9-13ff24f16e9b",
            "0d91bdc8-90fe-414f-9030-e3e0f5a087e0",
            "d63280bf-007a-437d-a09d-08e86eff061d",
            "18fff737-e8bd-4ae3-998d-c8185387ca99"
          ],
          "failures": [],
          "pending": [],
          "skipped": [],
          "duration": 6588,
          "root": false,
          "rootEmpty": false,
          "_timeout": 2000
        }
      ],
      "passes": [],
      "failures": [],
      "pending": [],
      "skipped": [],
      "duration": 0,
      "root": true,
      "rootEmpty": true,
      "_timeout": 2000
    },
    {
      "uuid": "f9a91725-debd-4471-9e0f-30ba712f2ba8",
      "title": "",
      "fullFile": "cypress\\integration\\automation-test-store\\add-multiple-items-to-basket.js",
      "file": "cypress\\integration\\automation-test-store\\add-multiple-items-to-basket.js",
      "beforeHooks": [],
      "afterHooks": [],
      "tests": [],
      "suites": [
        {
          "uuid": "864eb7d4-cc62-43ec-b192-1722eaa805e8",
          "title": "Add multiple items to the basket",
          "fullFile": "",
          "file": "",
          "beforeHooks": [],
          "afterHooks": [],
          "tests": [
            {
              "title": "Add specific items to basket with custom command",
              "fullTitle": "Add multiple items to the basket Add specific items to basket with custom command",
              "timedOut": null,
              "duration": 4471,
              "state": "passed",
              "speed": "slow",
              "pass": true,
              "fail": false,
              "pending": false,
              "context": null,
              "code": "autoStoreHairCare_PO.addHairCareProductToBasket();",
              "err": {},
              "uuid": "60555c8d-d501-4e08-b142-5a61f4081929",
              "parentUUID": "864eb7d4-cc62-43ec-b192-1722eaa805e8",
              "isHook": false,
              "skipped": false
            }
          ],
          "suites": [],
          "passes": [
            "60555c8d-d501-4e08-b142-5a61f4081929"
          ],
          "failures": [],
          "pending": [],
          "skipped": [],
          "duration": 4471,
          "root": false,
          "rootEmpty": false,
          "_timeout": 2000
        }
      ],
      "passes": [],
      "failures": [],
      "pending": [],
      "skipped": [],
      "duration": 0,
      "root": true,
      "rootEmpty": true,
      "_timeout": 2000
    }
  ],
  "meta": {
    "mocha": {
      "version": "7.0.1"
    },
    "mochawesome": {
      "options": {
        "quiet": false,
        "reportFilename": "mochawesome",
        "saveHtml": false,
        "saveJson": true,
        "consoleReporter": "spec",
        "useInlineDiffs": false,
        "code": true
      },
      "version": "6.2.1"
    },
    "marge": {
      "options": {
        "id": "default",
        "reportDir": "cypress/results/mochawesome",
        "quite": true,
        "overwrite": false,
        "html": false,
        "json": true
      },
      "version": "5.1.0"
    }
  }
}